=== overnight orchestrator started 2026年 6月18日 星期四 01时33分28秒 CST ===
[01:34:28] still waiting on v5-SS-train (pid 7667)...
[01:35:28] still waiting on v5-SS-train (pid 7667)...
[01:36:28] still waiting on v5-SS-train (pid 7667)...
[01:37:28] still waiting on v5-SS-train (pid 7667)...
[01:38:28] still waiting on v5-SS-train (pid 7667)...
[01:39:28] still waiting on v5-SS-train (pid 7667)...
[01:40:28] still waiting on v5-SS-train (pid 7667)...
[01:41:28] still waiting on v5-SS-train (pid 7667)...
[01:42:28] still waiting on v5-SS-train (pid 7667)...
[01:43:28] still waiting on v5-SS-train (pid 7667)...
[01:44:28] still waiting on v5-SS-train (pid 7667)...
[01:45:28] still waiting on v5-SS-train (pid 7667)...
[01:46:28] still waiting on v5-SS-train (pid 7667)...
[01:47:28] still waiting on v5-SS-train (pid 7667)...
[01:48:28] still waiting on v5-SS-train (pid 7667)...
[01:49:28] still waiting on v5-SS-train (pid 7667)...
[01:50:28] still waiting on v5-SS-train (pid 7667)...
[01:51:28] still waiting on v5-SS-train (pid 7667)...
[01:52:28] still waiting on v5-SS-train (pid 7667)...
[01:53:28] still waiting on v5-SS-train (pid 7667)...
[01:54:28] still waiting on v5-SS-train (pid 7667)...
[01:55:28] still waiting on v5-SS-train (pid 7667)...
[01:56:28] still waiting on v5-SS-train (pid 7667)...
[01:57:28] still waiting on v5-SS-train (pid 7667)...
[01:58:28] still waiting on v5-SS-train (pid 7667)...
[01:59:28] still waiting on v5-SS-train (pid 7667)...
[02:00:28] still waiting on v5-SS-train (pid 7667)...
[02:01:28] still waiting on v5-SS-train (pid 7667)...
[02:02:28] still waiting on v5-SS-train (pid 7667)...
[02:03:28] still waiting on v5-SS-train (pid 7667)...
[02:04:28] still waiting on v5-SS-train (pid 7667)...
[02:05:28] still waiting on v5-SS-train (pid 7667)...
[02:06:28] still waiting on v5-SS-train (pid 7667)...
[02:07:28] still waiting on v5-SS-train (pid 7667)...
[02:08:28] still waiting on v5-SS-train (pid 7667)...
[02:09:28] still waiting on v5-SS-train (pid 7667)...
[02:10:28] still waiting on v5-SS-train (pid 7667)...
[02:11:28] still waiting on v5-SS-train (pid 7667)...
[02:12:29] still waiting on v5-SS-train (pid 7667)...
[02:13:29] still waiting on v5-SS-train (pid 7667)...
[02:14:29] still waiting on v5-SS-train (pid 7667)...
[02:15:29] still waiting on v5-SS-train (pid 7667)...
[02:16:29] still waiting on v5-SS-train (pid 7667)...
[02:17:29] still waiting on v5-SS-train (pid 7667)...
[02:18:29] still waiting on v5-SS-train (pid 7667)...
[02:19:29] still waiting on v5-SS-train (pid 7667)...
[02:20:29] still waiting on v5-SS-train (pid 7667)...
[02:21:29] still waiting on v5-SS-train (pid 7667)...
[02:22:29] still waiting on v5-SS-train (pid 7667)...
[02:23:29] still waiting on v5-SS-train (pid 7667)...
[02:24:29] still waiting on v5-SS-train (pid 7667)...
[02:25:29] still waiting on v5-SS-train (pid 7667)...
[02:26:29] still waiting on v5-SS-train (pid 7667)...
[02:27:29] still waiting on v5-SS-train (pid 7667)...
[02:28:29] still waiting on v5-SS-train (pid 7667)...
[02:28:29] v5-SS-train (pid 7667) finished
[02:28:29] v5-WTQ-train (pid 7668) finished

=== v5 eval 2026年 6月18日 星期四 02时28分29秒 CST ===
[02:36:16] v5 evals complete

=== Experiment A: training_seed=1 2026年 6月18日 星期四 02时36分16秒 CST ===
[03:42:55] seed=1 complete

=== Experiment A: training_seed=2 2026年 6月18日 星期四 03时42分55秒 CST ===
[05:12:02] seed=2 complete

=== Experiment B: K=8 2026年 6月18日 星期四 05时12分02秒 CST ===

=== writing summary 2026年 6月18日 星期四 06时38分05秒 CST ===
wrote results/overnight_summary.md

=== overnight orchestrator DONE 2026年 6月18日 星期四 06时38分05秒 CST ===
