=== orchestrator started 2026年 6月17日 星期三 19时01分42秒 CST ===
[19:02:12] waiting for spreadsheet base_traj...
[19:02:42] waiting for spreadsheet base_traj...
[19:03:12] waiting for spreadsheet base_traj...
[19:03:42] waiting for spreadsheet base_traj...
[19:04:12] waiting for spreadsheet base_traj...
[19:04:42] waiting for spreadsheet base_traj...
[19:05:12] waiting for spreadsheet base_traj...
[19:05:42] waiting for spreadsheet base_traj...
[19:06:12] waiting for spreadsheet base_traj...
[19:06:42] waiting for spreadsheet base_traj...
[19:07:12] waiting for spreadsheet base_traj...
[19:07:42] waiting for spreadsheet base_traj...
[19:08:12] waiting for spreadsheet base_traj...
[19:08:42] waiting for spreadsheet base_traj...
[19:09:12] waiting for spreadsheet base_traj...
[19:09:42] waiting for spreadsheet base_traj...
[19:10:12] waiting for spreadsheet base_traj...
[19:10:42] waiting for spreadsheet base_traj...
[19:11:12] waiting for spreadsheet base_traj...
[19:11:42] waiting for spreadsheet base_traj...
[19:12:12] waiting for spreadsheet base_traj...
[19:12:42] waiting for spreadsheet base_traj...
[19:13:12] waiting for spreadsheet base_traj...
[19:13:42] waiting for spreadsheet base_traj...
[19:14:12] waiting for spreadsheet base_traj...
[19:14:42] waiting for spreadsheet base_traj...
[19:15:12] waiting for spreadsheet base_traj...
[19:15:42] waiting for spreadsheet base_traj...
[19:16:12] waiting for spreadsheet base_traj...
[19:16:42] waiting for spreadsheet base_traj...
[19:17:12] waiting for spreadsheet base_traj...
[19:17:42] waiting for spreadsheet base_traj...
[19:18:12] waiting for spreadsheet base_traj...
[19:18:42] waiting for spreadsheet base_traj...
[19:19:12] waiting for spreadsheet base_traj...
[19:19:42] waiting for spreadsheet base_traj...
[19:20:12] waiting for spreadsheet base_traj...
[19:20:42] waiting for spreadsheet base_traj...
[19:20:42] spreadsheet base_traj done
[19:20:42] wtq base_traj done

=== both base_traj complete; starting SS pilot 2026年 6月17日 星期三 19时20分42秒 CST ===
SS pilot failed; check logs/g2b_pilot_ss.log
