[01:47:41] Phase 1: monitoring seed 0 for invariant validation
[01:47:41] seed 0 reached iter 2
[01:47:41] iter=2 trigger=0
0 lines=     115 L3=0
[01:47:41] Phase 2: launching seed 1 + seed 2
[01:48:14] phase5 wait: SS=0/9 OOD=0/9
[01:48:23] Phase 3: waiting for 3 trains complete
[01:50:14] phase5 wait: SS=0/9 OOD=0/9
[01:52:14] phase5 wait: SS=0/9 OOD=0/9
[01:54:14] phase5 wait: SS=0/9 OOD=0/9
[01:56:14] phase5 wait: SS=0/9 OOD=0/9
[01:58:14] phase5 wait: SS=0/9 OOD=0/9
[02:00:14] phase5 wait: SS=0/9 OOD=0/9
[02:02:14] phase5 wait: SS=0/9 OOD=0/9
[02:04:14] phase5 wait: SS=0/9 OOD=0/9
[02:06:14] phase5 wait: SS=0/9 OOD=0/9
[02:08:14] phase5 wait: SS=0/9 OOD=0/9
[02:10:14] phase5 wait: SS=0/9 OOD=0/9
[02:12:14] phase5 wait: SS=0/9 OOD=0/9
[02:14:14] phase5 wait: SS=0/9 OOD=0/9
[02:16:14] phase5 wait: SS=0/9 OOD=0/9
[02:18:14] phase5 wait: SS=0/9 OOD=0/9
[02:20:14] phase5 wait: SS=0/9 OOD=0/9
[02:22:14] phase5 wait: SS=0/9 OOD=0/9
[02:24:14] phase5 wait: SS=0/9 OOD=0/9
[02:26:14] phase5 wait: SS=0/9 OOD=0/9
[02:28:14] phase5 wait: SS=0/9 OOD=0/9
[02:30:14] phase5 wait: SS=0/9 OOD=0/9
[02:32:14] phase5 wait: SS=0/9 OOD=0/9
[02:34:14] phase5 wait: SS=0/9 OOD=0/9
[02:36:14] phase5 wait: SS=0/9 OOD=0/9
[02:38:14] phase5 wait: SS=0/9 OOD=0/9
[02:40:14] phase5 wait: SS=0/9 OOD=0/9
[02:42:14] phase5 wait: SS=0/9 OOD=0/9
[02:44:14] phase5 wait: SS=0/9 OOD=0/9
[02:46:14] phase5 wait: SS=0/9 OOD=0/9
[02:48:14] phase5 wait: SS=0/9 OOD=0/9
[02:50:14] phase5 wait: SS=0/9 OOD=0/9
[02:52:14] phase5 wait: SS=0/9 OOD=0/9
[02:54:14] phase5 wait: SS=0/9 OOD=0/9
[02:56:14] phase5 wait: SS=0/9 OOD=0/9
[02:58:14] phase5 wait: SS=0/9 OOD=0/9
[03:00:14] phase5 wait: SS=0/9 OOD=0/9
[03:02:15] phase5 wait: SS=0/9 OOD=0/9
[03:04:15] phase5 wait: SS=0/9 OOD=0/9
[03:06:15] phase5 wait: SS=0/9 OOD=0/9
[03:08:15] phase5 wait: SS=0/9 OOD=0/9
[03:10:15] phase5 wait: SS=0/9 OOD=0/9
[03:12:15] phase5 wait: SS=0/9 OOD=0/9
[03:14:15] phase5 wait: SS=0/9 OOD=0/9
[03:16:15] phase5 wait: SS=0/9 OOD=0/9
[03:18:15] phase5 wait: SS=0/9 OOD=0/9
[03:20:15] phase5 wait: SS=0/9 OOD=0/9
[03:22:15] phase5 wait: SS=0/9 OOD=0/9
[03:24:15] phase5 wait: SS=0/9 OOD=0/9
[03:26:15] phase5 wait: SS=0/9 OOD=0/9
[03:28:15] phase5 wait: SS=0/9 OOD=0/9
[03:30:15] phase5 wait: SS=0/9 OOD=0/9
[03:32:15] phase5 wait: SS=0/9 OOD=0/9
[03:34:15] phase5 wait: SS=0/9 OOD=0/9
[03:36:15] phase5 wait: SS=0/9 OOD=0/9
[03:38:15] phase5 wait: SS=0/9 OOD=0/9
[03:40:15] phase5 wait: SS=0/9 OOD=0/9
[03:42:15] phase5 wait: SS=0/9 OOD=0/9
[03:44:15] phase5 wait: SS=0/9 OOD=0/9
[03:46:15] phase5 wait: SS=0/9 OOD=0/9
[03:48:15] phase5 wait: SS=0/9 OOD=0/9
[03:48:23] all 3 trains complete
[03:48:23] Phase 4: launching 18 evals
[03:49:54] all 18 evals launched. monitor will rest.
[03:50:15] phase5 wait: SS=0/9 OOD=0/9
[03:52:15] phase5 wait: SS=0/9 OOD=0/9
[03:54:15] phase5 wait: SS=0/9 OOD=0/9
[03:56:15] phase5 wait: SS=0/9 OOD=0/9
[03:58:15] phase5 wait: SS=0/9 OOD=0/9
[04:00:15] phase5 wait: SS=0/9 OOD=0/9
[04:02:15] phase5 wait: SS=0/9 OOD=0/9
[04:04:15] phase5 wait: SS=0/9 OOD=0/9
[04:06:15] phase5 wait: SS=0/9 OOD=0/9
[04:08:15] phase5 wait: SS=0/9 OOD=0/9
[04:10:15] phase5 wait: SS=0/9 OOD=0/9
[04:12:15] phase5 wait: SS=0/9 OOD=0/9
[04:14:15] phase5 wait: SS=0/9 OOD=0/9
[04:16:15] phase5 wait: SS=0/9 OOD=0/9
[04:18:15] phase5 wait: SS=0/9 OOD=0/9
[04:20:15] phase5 wait: SS=0/9 OOD=0/9
[04:22:15] phase5 wait: SS=0/9 OOD=0/9
[04:24:15] phase5 wait: SS=0/9 OOD=0/9
[04:26:15] phase5 wait: SS=0/9 OOD=0/9
[04:28:15] phase5 wait: SS=0/9 OOD=0/9
[04:30:15] phase5 wait: SS=0/9 OOD=0/9
[04:32:15] phase5 wait: SS=0/9 OOD=0/9
[04:34:15] phase5 wait: SS=0/9 OOD=0/9
[04:36:15] phase5 wait: SS=0/9 OOD=0/9
[04:38:15] phase5 wait: SS=0/9 OOD=0/9
[04:40:15] phase5 wait: SS=0/9 OOD=0/9
[04:42:15] phase5 wait: SS=0/9 OOD=0/9
[04:44:15] phase5 wait: SS=0/9 OOD=0/9
[04:46:15] phase5 wait: SS=0/9 OOD=0/9
[04:48:15] phase5 wait: SS=0/9 OOD=0/9
[04:50:15] phase5 wait: SS=0/9 OOD=0/9
[04:52:15] phase5 wait: SS=0/9 OOD=0/9
[04:54:15] phase5 wait: SS=0/9 OOD=0/9
[04:56:15] phase5 wait: SS=0/9 OOD=0/9
[04:58:15] phase5 wait: SS=0/9 OOD=0/9
[05:00:16] phase5 wait: SS=0/9 OOD=0/9
[05:02:16] phase5 wait: SS=0/9 OOD=0/9
[05:04:16] phase5 wait: SS=0/9 OOD=0/9
[05:06:16] phase5 wait: SS=0/9 OOD=0/9
[05:08:16] phase5 wait: SS=0/9 OOD=0/9
[05:10:16] phase5 wait: SS=0/9 OOD=0/9
[05:12:16] phase5 wait: SS=0/9 OOD=0/9
[05:14:16] phase5 wait: SS=0/9 OOD=0/9
[05:16:16] phase5 wait: SS=0/9 OOD=0/9
[05:18:16] phase5 wait: SS=0/9 OOD=0/9
[05:20:16] phase5 wait: SS=0/9 OOD=0/9
[05:22:16] phase5 wait: SS=0/9 OOD=0/9
[05:24:16] phase5 wait: SS=0/9 OOD=0/9
[05:26:16] phase5 wait: SS=0/9 OOD=0/9
[05:28:16] phase5 wait: SS=0/9 OOD=0/9
[05:30:16] phase5 wait: SS=0/9 OOD=0/9
[05:32:16] phase5 wait: SS=0/9 OOD=0/9
[05:34:16] phase5 wait: SS=0/9 OOD=0/9
[05:36:16] phase5 wait: SS=0/9 OOD=0/9
[05:38:16] phase5 wait: SS=0/9 OOD=0/9
[05:40:16] phase5 wait: SS=0/9 OOD=0/9
[05:42:16] phase5 wait: SS=0/9 OOD=0/9
[05:44:16] phase5 wait: SS=0/9 OOD=0/9
[05:46:16] phase5 wait: SS=0/9 OOD=0/9
[05:48:16] phase5 wait: SS=0/9 OOD=0/9
[05:50:16] phase5 wait: SS=0/9 OOD=0/9
[05:52:16] phase5 wait: SS=0/9 OOD=0/9
[05:54:16] phase5 wait: SS=0/9 OOD=0/9
[05:56:16] phase5 wait: SS=0/9 OOD=0/9
[05:58:16] phase5 wait: SS=0/9 OOD=0/9
[06:00:16] phase5 wait: SS=0/9 OOD=0/9
[06:02:16] phase5 wait: SS=0/9 OOD=0/9
[06:04:16] phase5 wait: SS=0/9 OOD=0/9
[06:06:16] phase5 wait: SS=0/9 OOD=0/9
[06:08:16] phase5 wait: SS=0/9 OOD=0/9
[06:10:16] phase5 wait: SS=0/9 OOD=0/9
[06:12:16] phase5 wait: SS=0/9 OOD=0/9
[06:14:16] phase5 wait: SS=0/9 OOD=0/9
[06:16:16] phase5 wait: SS=0/9 OOD=0/9
[06:18:16] phase5 wait: SS=0/9 OOD=0/9
[06:20:16] phase5 wait: SS=0/9 OOD=0/9
[06:22:16] phase5 wait: SS=0/9 OOD=0/9
[06:24:16] phase5 wait: SS=0/9 OOD=0/9
[06:26:16] phase5 wait: SS=0/9 OOD=0/9
[06:28:16] phase5 wait: SS=0/9 OOD=0/9
[06:30:16] phase5 wait: SS=0/9 OOD=0/9
[06:32:16] phase5 wait: SS=0/9 OOD=0/9
[06:34:16] phase5 wait: SS=0/9 OOD=0/9
[06:36:16] phase5 wait: SS=0/9 OOD=0/9
[06:38:16] phase5 wait: SS=0/9 OOD=0/9
[06:40:16] phase5 wait: SS=0/9 OOD=0/9
[06:42:17] phase5 wait: SS=0/9 OOD=0/9
[06:44:17] phase5 wait: SS=0/9 OOD=0/9
[06:46:17] phase5 wait: SS=0/9 OOD=0/9
[06:48:17] phase5 wait: SS=0/9 OOD=0/9
[06:50:17] phase5 wait: SS=0/9 OOD=0/9
[06:52:17] phase5 wait: SS=0/9 OOD=0/9
[06:54:17] phase5 wait: SS=0/9 OOD=0/9
[06:56:17] phase5 wait: SS=0/9 OOD=0/9
[06:58:17] phase5 wait: SS=0/9 OOD=0/9
[07:00:17] phase5 wait: SS=0/9 OOD=0/9
[07:02:17] phase5 wait: SS=0/9 OOD=0/9
[07:04:17] phase5 wait: SS=0/9 OOD=0/9
[07:06:17] phase5 wait: SS=0/9 OOD=0/9
[07:08:17] phase5 wait: SS=0/9 OOD=0/9
[07:10:17] phase5 wait: SS=0/9 OOD=0/9
[07:12:17] phase5 wait: SS=0/9 OOD=0/9
[07:14:17] phase5 wait: SS=0/9 OOD=0/9
[07:16:17] phase5 wait: SS=0/9 OOD=0/9
[07:18:17] phase5 wait: SS=0/9 OOD=0/9
[07:20:17] phase5 wait: SS=0/9 OOD=0/9
[07:22:17] phase5 wait: SS=0/9 OOD=0/9
[07:24:17] phase5 wait: SS=0/9 OOD=0/9
[07:26:17] phase5 wait: SS=0/9 OOD=0/9
[07:28:17] phase5 wait: SS=0/9 OOD=0/9
[07:30:17] phase5 wait: SS=0/9 OOD=0/9
[07:32:17] phase5 wait: SS=0/9 OOD=0/9
[07:34:17] phase5 wait: SS=0/9 OOD=0/9
[07:36:17] phase5 wait: SS=0/9 OOD=0/9
[07:38:17] phase5 wait: SS=0/9 OOD=0/9
[07:40:17] phase5 wait: SS=0/9 OOD=0/9
[07:42:17] phase5 wait: SS=0/9 OOD=0/9
[07:44:17] phase5 wait: SS=0/9 OOD=0/9
[07:46:17] phase5 wait: SS=0/9 OOD=0/9
[07:48:17] phase5 wait: SS=0/9 OOD=0/9
[07:50:17] phase5 wait: SS=0/9 OOD=0/9
[07:52:17] phase5 wait: SS=0/9 OOD=0/9
[07:54:17] phase5 wait: SS=0/9 OOD=0/9
[07:56:17] phase5 wait: SS=0/9 OOD=0/9
[07:58:17] phase5 wait: SS=0/9 OOD=0/9
[08:00:17] phase5 wait: SS=0/9 OOD=0/9
[08:02:17] phase5 wait: SS=0/9 OOD=0/9
[08:04:17] phase5 wait: SS=0/9 OOD=0/9
[08:06:17] phase5 wait: SS=0/9 OOD=0/9
[08:08:17] phase5 wait: SS=0/9 OOD=0/9
[08:10:17] phase5 wait: SS=0/9 OOD=0/9
[08:12:17] phase5 wait: SS=0/9 OOD=0/9
[08:14:17] phase5 wait: SS=0/9 OOD=0/9
[08:16:17] phase5 wait: SS=0/9 OOD=0/9
[08:18:17] phase5 wait: SS=0/9 OOD=0/9
[08:20:17] phase5 wait: SS=0/9 OOD=0/9
[08:22:17] phase5 wait: SS=0/9 OOD=0/9
[08:24:17] phase5 wait: SS=0/9 OOD=0/9
[08:26:17] phase5 wait: SS=0/9 OOD=0/9
[08:28:17] phase5 wait: SS=0/9 OOD=0/9
[08:30:17] phase5 wait: SS=0/9 OOD=0/9
[08:32:17] phase5 wait: SS=0/9 OOD=0/9
[08:34:17] phase5 wait: SS=0/9 OOD=0/9
[08:36:18] phase5 wait: SS=0/9 OOD=0/9
[08:38:18] phase5 wait: SS=0/9 OOD=0/9
[08:40:18] phase5 wait: SS=0/9 OOD=0/9
[08:42:18] phase5 wait: SS=0/9 OOD=0/9
[08:44:18] phase5 wait: SS=0/9 OOD=0/9
[08:46:18] phase5 wait: SS=0/9 OOD=0/9
[08:48:18] phase5 wait: SS=0/9 OOD=0/9
[08:50:18] phase5 wait: SS=0/9 OOD=0/9
[08:52:18] phase5 wait: SS=0/9 OOD=0/9
[08:54:18] phase5 wait: SS=0/9 OOD=0/9
[08:56:18] phase5 wait: SS=0/9 OOD=0/9
[08:58:18] phase5 wait: SS=0/9 OOD=0/9
[09:00:18] phase5 wait: SS=0/9 OOD=0/9
[09:02:18] phase5 wait: SS=0/9 OOD=0/9
[09:04:18] phase5 wait: SS=0/9 OOD=0/9
[09:06:18] phase5 wait: SS=0/9 OOD=0/9
[09:08:18] phase5 wait: SS=0/9 OOD=0/9
[09:10:18] phase5 wait: SS=0/9 OOD=0/9
[09:12:18] phase5 wait: SS=0/9 OOD=0/9
[09:14:18] phase5 wait: SS=0/9 OOD=0/9
[09:16:18] phase5 wait: SS=0/9 OOD=0/9
[09:18:18] phase5 wait: SS=0/9 OOD=0/9
[09:20:18] phase5 wait: SS=0/9 OOD=0/9
[09:22:18] phase5 wait: SS=0/9 OOD=0/9
[09:24:18] phase5 wait: SS=0/9 OOD=0/9
[09:26:18] phase5 wait: SS=0/9 OOD=0/9
[09:28:18] phase5 wait: SS=0/9 OOD=0/9
[09:30:18] phase5 wait: SS=0/9 OOD=0/9
[09:32:18] phase5 wait: SS=0/9 OOD=0/9
[09:34:18] phase5 wait: SS=0/9 OOD=0/9
[09:36:18] phase5 wait: SS=0/9 OOD=0/9
[09:38:18] phase5 wait: SS=0/9 OOD=0/9
[09:40:18] phase5 wait: SS=0/9 OOD=0/9
[09:42:18] phase5 wait: SS=0/9 OOD=0/9
[09:44:18] phase5 wait: SS=0/9 OOD=0/9
[09:46:18] phase5 wait: SS=0/9 OOD=0/9
[09:48:18] phase5 wait: SS=0/9 OOD=0/9
[09:50:18] phase5 wait: SS=0/9 OOD=0/9
[09:52:18] phase5 wait: SS=0/9 OOD=0/9
[09:54:18] phase5 wait: SS=0/9 OOD=0/9
[09:56:18] phase5 wait: SS=0/9 OOD=0/9
[09:58:18] phase5 wait: SS=0/9 OOD=0/9
[10:00:18] phase5 wait: SS=0/9 OOD=0/9
[10:02:18] phase5 wait: SS=0/9 OOD=0/9
[10:04:18] phase5 wait: SS=0/9 OOD=0/9
[10:06:18] phase5 wait: SS=0/9 OOD=0/9
[10:08:18] phase5 wait: SS=0/9 OOD=0/9
[10:10:18] phase5 wait: SS=0/9 OOD=0/9
[10:12:18] phase5 wait: SS=0/9 OOD=0/9
[10:14:18] phase5 wait: SS=0/9 OOD=0/9
[10:16:18] phase5 wait: SS=0/9 OOD=0/9
